{"total": {"lines":{"total":67,"covered":19,"skipped":0,"pct":28.36},"statements":{"total":72,"covered":20,"skipped":0,"pct":27.78},"functions":{"total":19,"covered":5,"skipped":0,"pct":26.32},"branches":{"total":51,"covered":10,"skipped":0,"pct":19.61}}
,"C:\\Users\\cayof\\OneDrive\\codes\\dm_challenge\\src\\repositories\\OrderItemRepository.ts": {"lines":{"total":3,"covered":3,"skipped":0,"pct":100},"functions":{"total":1,"covered":1,"skipped":0,"pct":100},"statements":{"total":3,"covered":3,"skipped":0,"pct":100},"branches":{"total":0,"covered":0,"skipped":0,"pct":100}}
,"C:\\Users\\cayof\\OneDrive\\codes\\dm_challenge\\src\\repositories\\OrderRepository.ts": {"lines":{"total":3,"covered":3,"skipped":0,"pct":100},"functions":{"total":1,"covered":1,"skipped":0,"pct":100},"statements":{"total":3,"covered":3,"skipped":0,"pct":100},"branches":{"total":0,"covered":0,"skipped":0,"pct":100}}
,"C:\\Users\\cayof\\OneDrive\\codes\\dm_challenge\\src\\repositories\\ProductRepository.ts": {"lines":{"total":3,"covered":3,"skipped":0,"pct":100},"functions":{"total":1,"covered":1,"skipped":0,"pct":100},"statements":{"total":3,"covered":3,"skipped":0,"pct":100},"branches":{"total":0,"covered":0,"skipped":0,"pct":100}}
,"C:\\Users\\cayof\\OneDrive\\codes\\dm_challenge\\src\\repositories\\Repository.ts": {"lines":{"total":55,"covered":7,"skipped":0,"pct":12.73},"functions":{"total":16,"covered":2,"skipped":0,"pct":12.5},"statements":{"total":60,"covered":8,"skipped":0,"pct":13.33},"branches":{"total":51,"covered":10,"skipped":0,"pct":19.61}}
,"C:\\Users\\cayof\\OneDrive\\codes\\dm_challenge\\src\\repositories\\index.ts": {"lines":{"total":3,"covered":3,"skipped":0,"pct":100},"functions":{"total":0,"covered":0,"skipped":0,"pct":100},"statements":{"total":3,"covered":3,"skipped":0,"pct":100},"branches":{"total":0,"covered":0,"skipped":0,"pct":100}}
}
