TN:
SF:src\repositories\OrderItemRepository.ts
FN:6,(anonymous_0)
FNF:1
FNH:1
FNDA:1,(anonymous_0)
DA:3,1
DA:5,1
DA:7,1
LF:3
LH:3
BRF:0
BRH:0
end_of_record
TN:
SF:src\repositories\OrderRepository.ts
FN:6,(anonymous_0)
FNF:1
FNH:1
FNDA:1,(anonymous_0)
DA:3,1
DA:5,1
DA:7,1
LF:3
LH:3
BRF:0
BRH:0
end_of_record
TN:
SF:src\repositories\ProductRepository.ts
FN:6,(anonymous_0)
FNF:1
FNH:1
FNDA:1,(anonymous_0)
DA:3,1
DA:5,1
DA:7,1
LF:3
LH:3
BRF:0
BRH:0
end_of_record
TN:
SF:src\repositories\Repository.ts
FN:11,(anonymous_0)
FN:20,(anonymous_1)
FN:30,(anonymous_2)
FN:53,(anonymous_3)
FN:59,(anonymous_4)
FN:83,(anonymous_5)
FN:121,(anonymous_6)
FN:141,(anonymous_7)
FN:152,(anonymous_8)
FN:175,(anonymous_9)
FN:193,(anonymous_10)
FN:195,(anonymous_11)
FN:230,(anonymous_12)
FN:231,(anonymous_13)
FN:265,(anonymous_14)
FN:271,(anonymous_15)
FNF:16
FNH:2
FNDA:3,(anonymous_0)
FNDA:0,(anonymous_1)
FNDA:0,(anonymous_2)
FNDA:0,(anonymous_3)
FNDA:0,(anonymous_4)
FNDA:0,(anonymous_5)
FNDA:1,(anonymous_6)
FNDA:0,(anonymous_7)
FNDA:0,(anonymous_8)
FNDA:0,(anonymous_9)
FNDA:0,(anonymous_10)
FNDA:0,(anonymous_11)
FNDA:0,(anonymous_12)
FNDA:0,(anonymous_13)
FNDA:0,(anonymous_14)
FNDA:0,(anonymous_15)
DA:2,1
DA:5,1
DA:10,1
DA:11,3
DA:29,0
DA:30,0
DA:33,0
DA:43,0
DA:58,0
DA:59,0
DA:62,0
DA:68,0
DA:69,0
DA:72,0
DA:89,0
DA:90,0
DA:92,0
DA:94,0
DA:101,0
DA:102,0
DA:105,0
DA:122,1
DA:129,1
DA:130,0
DA:133,1
DA:142,0
DA:157,0
DA:162,0
DA:163,0
DA:166,0
DA:176,0
DA:194,0
DA:195,0
DA:198,0
DA:200,0
DA:207,0
DA:208,0
DA:211,0
DA:220,0
DA:231,0
DA:232,0
DA:239,0
DA:240,0
DA:243,0
DA:244,0
DA:250,0
DA:251,0
DA:254,0
DA:270,0
DA:271,0
DA:274,0
DA:276,0
DA:282,0
DA:284,0
DA:286,0
LF:55
LH:7
BRDA:29,0,0,0
BRDA:29,0,1,0
BRDA:58,1,0,0
BRDA:58,1,1,0
BRDA:68,2,0,0
BRDA:68,2,1,0
BRDA:89,3,0,0
BRDA:89,3,1,0
BRDA:89,4,0,0
BRDA:89,4,1,0
BRDA:90,5,0,0
BRDA:90,5,1,0
BRDA:90,6,0,0
BRDA:90,6,1,0
BRDA:97,7,0,0
BRDA:97,7,1,0
BRDA:97,8,0,0
BRDA:97,8,1,0
BRDA:101,9,0,0
BRDA:101,9,1,0
BRDA:125,10,0,1
BRDA:125,10,1,0
BRDA:125,11,0,1
BRDA:125,11,1,1
BRDA:129,12,0,0
BRDA:129,12,1,1
BRDA:133,13,0,1
BRDA:133,13,1,0
BRDA:133,14,0,1
BRDA:133,14,1,1
BRDA:133,15,0,0
BRDA:133,15,1,1
BRDA:133,16,0,1
BRDA:133,16,1,1
BRDA:155,17,0,0
BRDA:162,18,0,0
BRDA:162,18,1,0
BRDA:194,19,0,0
BRDA:194,19,1,0
BRDA:207,20,0,0
BRDA:207,20,1,0
BRDA:239,21,0,0
BRDA:239,21,1,0
BRDA:250,22,0,0
BRDA:250,22,1,0
BRDA:270,23,0,0
BRDA:270,23,1,0
BRDA:282,24,0,0
BRDA:282,24,1,0
BRDA:282,25,0,0
BRDA:282,25,1,0
BRF:51
BRH:10
end_of_record
TN:
SF:src\repositories\index.ts
FNF:0
FNH:0
DA:1,1
DA:2,1
DA:3,1
LF:3
LH:3
BRF:0
BRH:0
end_of_record
